bondarenko_vadim/homework03/build/intermediates/manifest_merge_blame_file/debug/manifest-merger-blame-debug-report.txt
1<?xml version="1.0" encoding="utf-8"?>
2<!--
3  ~ Copyright (C) 2020 The Android Open Source Project
4  ~
5  ~ Licensed under the Apache License, Version 2.0 (the "License");
6  ~ you may not use this file except in compliance with the License.
7  ~ You may obtain a copy of the License at
8  ~
9  ~     http://www.apache.org/licenses/LICENSE-2.0
10  ~
11  ~ Unless required by applicable law or agreed to in writing, software
12  ~ distributed under the License is distributed on an "AS IS" BASIS,
13  ~ WITHOUT WARRANTIES OR CONDITIONS OF ANY KIND, either express or implied.
14  ~ See the License for the specific language governing permissions and
15  ~ limitations under the License.
16-->
17<manifest xmlns:android="http://schemas.android.com/apk/res/android"
18    package="com.example.android.unscramble"
19    android:versionCode="1"
20    android:versionName="1.0" >
21
22    <uses-sdk
23        android:minSdkVersion="23"
23-->src/main/AndroidManifest.xml
24        android:targetSdkVersion="31" />
24-->src/main/AndroidManifest.xml
25
26    <application
26-->src/main/AndroidManifest.xml:21:5-35:19
27        android:allowBackup="false"
27-->src/main/AndroidManifest.xml:22:9-36
28        android:appComponentFactory="androidx.core.app.CoreComponentFactory"
28-->[androidx.core:core:1.6.0] AndroidManifest.xml:24:18-86
29        android:debuggable="true"
30        android:extractNativeLibs="false"
31        android:icon="@mipmap/ic_launcher"
31-->src/main/AndroidManifest.xml:23:9-43
32        android:label="@string/app_name"
32-->src/main/AndroidManifest.xml:24:9-41
33        android:roundIcon="@mipmap/ic_launcher_round"
33-->src/main/AndroidManifest.xml:25:9-54
34        android:supportsRtl="true"
34-->src/main/AndroidManifest.xml:26:9-35
35        android:testOnly="true"
36        android:theme="@style/Theme.Unscramble" >
36-->src/main/AndroidManifest.xml:27:9-48
37        <activity
37-->src/main/AndroidManifest.xml:28:9-34:20
38            android:name="com.example.android.unscramble.MainActivity"
38-->src/main/AndroidManifest.xml:28:19-47
39            android:exported="true" >
39-->src/main/AndroidManifest.xml:29:13-36
40            <intent-filter>
40-->src/main/AndroidManifest.xml:30:13-33:29
41                <action android:name="android.intent.action.MAIN" />
41-->src/main/AndroidManifest.xml:31:17-69
41-->src/main/AndroidManifest.xml:31:25-66
42
43                <category android:name="android.intent.category.LAUNCHER" />
43-->src/main/AndroidManifest.xml:32:17-77
43-->src/main/AndroidManifest.xml:32:27-74
44            </intent-filter>
45        </activity>
46    </application>
47
48</manifest>